Initial Temperature of Calorimeter (T0): 
21.782

Error in Initial Temperature of Calorimeter(T0): 
0.0013

Equlibrium Temperature of Calorimeter and Sample (T2): 
27.210

Error in Equilibrium Temperature of Calorimeter and Sample (T2): 
0.001309

Mass of Calorimeter: 
313.500000

Error in Mass of Calorimeter: 
0.050000

Mass of Sample: 
91.750000

Error in Mass of Sample: 
0.050000

Specific Heat of Sample (J/gK): 
0.248314

Error in Specific Heat of Sample (J/gK): 
0.000172

Identity of Sample: 
Tellurium Copper (Alloy 145) w/ C = 0.261 J/gK